# JRE version: Java(TM) SE Runtime Environment (8.0_201-b09) (build 1.8.0_201-b09)
# Java VM: Java HotSpot(TM) 64-Bit Server VM (25.201-b09 mixed mode windows-amd64 compressed oops)
Heap:
 PSYoungGen      total 71680K, used 28864K [0x00000000d5580000, 0x00000000dc980000, 0x0000000100000000)
  eden space 66560K, 35% used [0x00000000d5580000,0x00000000d6cb5b18,0x00000000d9680000)
  from space 5120K, 99% used [0x00000000d9680000,0x00000000d9b7a5c0,0x00000000d9b80000)
  to   space 10752K, 0% used [0x00000000dbf00000,0x00000000dbf00000,0x00000000dc980000)
 ParOldGen       total 64000K, used 12855K [0x0000000080000000, 0x0000000083e80000, 0x00000000d5580000)
  object space 64000K, 20% used [0x0000000080000000,0x0000000080c8dfc0,0x0000000083e80000)
 Metaspace       used 29316K, capacity 31180K, committed 31360K, reserved 1077248K
  class space    used 3788K, capacity 4112K, committed 4224K, reserved 1048576K
GC Heap History (10 events):
Event: 2.577 GC heap before
{Heap before GC invocations=2 (full 0):
 PSYoungGen      total 38400K, used 38399K [0x00000000d5580000, 0x00000000d8000000, 0x0000000100000000)
  eden space 33280K, 100% used [0x00000000d5580000,0x00000000d7600000,0x00000000d7600000)
  from space 5120K, 99% used [0x00000000d7600000,0x00000000d7affc20,0x00000000d7b00000)
  to   space 5120K, 0% used [0x00000000d7b00000,0x00000000d7b00000,0x00000000d8000000)
 ParOldGen       total 87552K, used 487K [0x0000000080000000, 0x0000000085580000, 0x00000000d5580000)
  object space 87552K, 0% used [0x0000000080000000,0x0000000080079dc0,0x0000000085580000)
 Metaspace       used 16005K, capacity 16744K, committed 17024K, reserved 1064960K
  class space    used 1982K, capacity 2146K, committed 2176K, reserved 1048576K
Event: 2.589 GC heap after
Heap after GC invocations=2 (full 0):
 PSYoungGen      total 38400K, used 5115K [0x00000000d5580000, 0x00000000da080000, 0x0000000100000000)
  eden space 33280K, 0% used [0x00000000d5580000,0x00000000d5580000,0x00000000d7600000)
  from space 5120K, 99% used [0x00000000d7b00000,0x00000000d7ffee50,0x00000000d8000000)
  to   space 5120K, 0% used [0x00000000d7600000,0x00000000d7600000,0x00000000d7b00000)
 ParOldGen       total 87552K, used 2972K [0x0000000080000000, 0x0000000085580000, 0x00000000d5580000)
  object space 87552K, 3% used [0x0000000080000000,0x00000000802e73c0,0x0000000085580000)
 Metaspace       used 16005K, capacity 16744K, committed 17024K, reserved 1064960K
  class space    used 1982K, capacity 2146K, committed 2176K, reserved 1048576K
}
Event: 3.661 GC heap before
{Heap before GC invocations=3 (full 0):
 PSYoungGen      total 38400K, used 38395K [0x00000000d5580000, 0x00000000da080000, 0x0000000100000000)
  eden space 33280K, 100% used [0x00000000d5580000,0x00000000d7600000,0x00000000d7600000)
  from space 5120K, 99% used [0x00000000d7b00000,0x00000000d7ffee50,0x00000000d8000000)
  to   space 5120K, 0% used [0x00000000d7600000,0x00000000d7600000,0x00000000d7b00000)
 ParOldGen       total 87552K, used 2972K [0x0000000080000000, 0x0000000085580000, 0x00000000d5580000)
  object space 87552K, 3% used [0x0000000080000000,0x00000000802e73c0,0x0000000085580000)
 Metaspace       used 18931K, capacity 19668K, committed 19712K, reserved 1067008K
  class space    used 2361K, capacity 2530K, committed 2560K, reserved 1048576K
Event: 3.690 GC heap after
Heap after GC invocations=3 (full 0):
 PSYoungGen      total 38400K, used 5104K [0x00000000d5580000, 0x00000000da080000, 0x0000000100000000)
  eden space 33280K, 0% used [0x00000000d5580000,0x00000000d5580000,0x00000000d7600000)
  from space 5120K, 99% used [0x00000000d7600000,0x00000000d7afc010,0x00000000d7b00000)
  to   space 5120K, 0% used [0x00000000d9b80000,0x00000000d9b80000,0x00000000da080000)
 ParOldGen       total 87552K, used 5887K [0x0000000080000000, 0x0000000085580000, 0x00000000d5580000)
  object space 87552K, 6% used [0x0000000080000000,0x00000000805bffe8,0x0000000085580000)
 Metaspace       used 18931K, capacity 19668K, committed 19712K, reserved 1067008K
  class space    used 2361K, capacity 2530K, committed 2560K, reserved 1048576K
}
Event: 4.371 GC heap before
{Heap before GC invocations=4 (full 0):
 PSYoungGen      total 38400K, used 35584K [0x00000000d5580000, 0x00000000da080000, 0x0000000100000000)
  eden space 33280K, 91% used [0x00000000d5580000,0x00000000d7344028,0x00000000d7600000)
  from space 5120K, 99% used [0x00000000d7600000,0x00000000d7afc010,0x00000000d7b00000)
  to   space 5120K, 0% used [0x00000000d9b80000,0x00000000d9b80000,0x00000000da080000)
 ParOldGen       total 87552K, used 5887K [0x0000000080000000, 0x0000000085580000, 0x00000000d5580000)
  object space 87552K, 6% used [0x0000000080000000,0x00000000805bffe8,0x0000000085580000)
 Metaspace       used 20265K, capacity 21130K, committed 21248K, reserved 1067008K
  class space    used 2535K, capacity 2745K, committed 2816K, reserved 1048576K
Event: 4.387 GC heap after
Heap after GC invocations=4 (full 0):
 PSYoungGen      total 71680K, used 5088K [0x00000000d5580000, 0x00000000da080000, 0x0000000100000000)
  eden space 66560K, 0% used [0x00000000d5580000,0x00000000d5580000,0x00000000d9680000)
  from space 5120K, 99% used [0x00000000d9b80000,0x00000000da078020,0x00000000da080000)
  to   space 5120K, 0% used [0x00000000d9680000,0x00000000d9680000,0x00000000d9b80000)
 ParOldGen       total 87552K, used 9707K [0x0000000080000000, 0x0000000085580000, 0x00000000d5580000)
  object space 87552K, 11% used [0x0000000080000000,0x000000008097ace8,0x0000000085580000)
 Metaspace       used 20265K, capacity 21130K, committed 21248K, reserved 1067008K
  class space    used 2535K, capacity 2745K, committed 2816K, reserved 1048576K
}
Event: 4.387 GC heap before
{Heap before GC invocations=5 (full 1):
 PSYoungGen      total 71680K, used 5088K [0x00000000d5580000, 0x00000000da080000, 0x0000000100000000)
  eden space 66560K, 0% used [0x00000000d5580000,0x00000000d5580000,0x00000000d9680000)
  from space 5120K, 99% used [0x00000000d9b80000,0x00000000da078020,0x00000000da080000)
  to   space 5120K, 0% used [0x00000000d9680000,0x00000000d9680000,0x00000000d9b80000)
 ParOldGen       total 87552K, used 9707K [0x0000000080000000, 0x0000000085580000, 0x00000000d5580000)
  object space 87552K, 11% used [0x0000000080000000,0x000000008097ace8,0x0000000085580000)
 Metaspace       used 20265K, capacity 21130K, committed 21248K, reserved 1067008K
  class space    used 2535K, capacity 2745K, committed 2816K, reserved 1048576K
Event: 4.467 GC heap after
Heap after GC invocations=5 (full 1):
 PSYoungGen      total 71680K, used 0K [0x00000000d5580000, 0x00000000da080000, 0x0000000100000000)
  eden space 66560K, 0% used [0x00000000d5580000,0x00000000d5580000,0x00000000d9680000)
  from space 5120K, 0% used [0x00000000d9b80000,0x00000000d9b80000,0x00000000da080000)
  to   space 5120K, 0% used [0x00000000d9680000,0x00000000d9680000,0x00000000d9b80000)
 ParOldGen       total 64000K, used 8732K [0x0000000080000000, 0x0000000083e80000, 0x00000000d5580000)
  object space 64000K, 13% used [0x0000000080000000,0x00000000808873d8,0x0000000083e80000)
 Metaspace       used 20265K, capacity 21130K, committed 21248K, reserved 1067008K
  class space    used 2535K, capacity 2745K, committed 2816K, reserved 1048576K
}
Event: 6.612 GC heap before
{Heap before GC invocations=6 (full 1):
 PSYoungGen      total 71680K, used 66560K [0x00000000d5580000, 0x00000000da080000, 0x0000000100000000)
  eden space 66560K, 100% used [0x00000000d5580000,0x00000000d9680000,0x00000000d9680000)
  from space 5120K, 0% used [0x00000000d9b80000,0x00000000d9b80000,0x00000000da080000)
  to   space 5120K, 0% used [0x00000000d9680000,0x00000000d9680000,0x00000000d9b80000)
 ParOldGen       total 64000K, used 8732K [0x0000000080000000, 0x0000000083e80000, 0x00000000d5580000)
  object space 64000K, 13% used [0x0000000080000000,0x00000000808873d8,0x0000000083e80000)
 Metaspace       used 26776K, capacity 28606K, committed 28672K, reserved 1075200K
  class space    used 3497K, capacity 3799K, committed 3840K, reserved 1048576K
Event: 6.626 GC heap after
Heap after GC invocations=6 (full 1):
 PSYoungGen      total 71680K, used 5097K [0x00000000d5580000, 0x00000000dc980000, 0x0000000100000000)
  eden space 66560K, 0% used [0x00000000d5580000,0x00000000d5580000,0x00000000d9680000)
  from space 5120K, 99% used [0x00000000d9680000,0x00000000d9b7a5c0,0x00000000d9b80000)
  to   space 10752K, 0% used [0x00000000dbf00000,0x00000000dbf00000,0x00000000dc980000)
 ParOldGen       total 64000K, used 12855K [0x0000000080000000, 0x0000000083e80000, 0x00000000d5580000)
  object space 64000K, 20% used [0x0000000080000000,0x0000000080c8dfc0,0x0000000083e80000)
 Metaspace       used 26776K, capacity 28606K, committed 28672K, reserved 1075200K
  class space    used 3497K, capacity 3799K, committed 3840K, reserved 1048576K
}

