# JRE version: Java(TM) SE Runtime Environment (8.0_201-b09) (build 1.8.0_201-b09)
# Java VM: Java HotSpot(TM) 64-Bit Server VM (25.201-b09 mixed mode windows-amd64 compressed oops)
Heap:
 PSYoungGen      total 304128K, used 38461K [0x00000000d5580000, 0x00000000e9400000, 0x0000000100000000)
  eden space 299520K, 12% used [0x00000000d5580000,0x00000000d7b07590,0x00000000e7a00000)
  from space 4608K, 0% used [0x00000000e8f80000,0x00000000e8f88000,0x00000000e9400000)
  to   space 13312K, 0% used [0x00000000e7a00000,0x00000000e7a00000,0x00000000e8700000)
 ParOldGen       total 61952K, used 13022K [0x0000000080000000, 0x0000000083c80000, 0x00000000d5580000)
  object space 61952K, 21% used [0x0000000080000000,0x0000000080cb79a8,0x0000000083c80000)
 Metaspace       used 38363K, capacity 41160K, committed 41384K, reserved 1085440K
  class space    used 4764K, capacity 5242K, committed 5296K, reserved 1048576K
GC Heap History (10 events):
Event: 5.016 GC heap before
{Heap before GC invocations=8 (full 2):
 PSYoungGen      total 134656K, used 6911K [0x00000000d5580000, 0x00000000de680000, 0x0000000100000000)
  eden space 123904K, 0% used [0x00000000d5580000,0x00000000d5580000,0x00000000dce80000)
  from space 10752K, 64% used [0x00000000ddc00000,0x00000000de2bff50,0x00000000de680000)
  to   space 12288K, 0% used [0x00000000dce80000,0x00000000dce80000,0x00000000dda80000)
 ParOldGen       total 46592K, used 12098K [0x0000000080000000, 0x0000000082d80000, 0x00000000d5580000)
  object space 46592K, 25% used [0x0000000080000000,0x0000000080bd0b48,0x0000000082d80000)
 Metaspace       used 32998K, capacity 35402K, committed 35496K, reserved 1079296K
  class space    used 4327K, capacity 4739K, committed 4784K, reserved 1048576K
Event: 5.065 GC heap after
Heap after GC invocations=8 (full 2):
 PSYoungGen      total 134656K, used 0K [0x00000000d5580000, 0x00000000de680000, 0x0000000100000000)
  eden space 123904K, 0% used [0x00000000d5580000,0x00000000d5580000,0x00000000dce80000)
  from space 10752K, 0% used [0x00000000ddc00000,0x00000000ddc00000,0x00000000de680000)
  to   space 12288K, 0% used [0x00000000dce80000,0x00000000dce80000,0x00000000dda80000)
 ParOldGen       total 61952K, used 12070K [0x0000000080000000, 0x0000000083c80000, 0x00000000d5580000)
  object space 61952K, 19% used [0x0000000080000000,0x0000000080bc9988,0x0000000083c80000)
 Metaspace       used 32998K, capacity 35402K, committed 35496K, reserved 1079296K
  class space    used 4327K, capacity 4739K, committed 4784K, reserved 1048576K
}
Event: 104.910 GC heap before
{Heap before GC invocations=9 (full 2):
 PSYoungGen      total 134656K, used 123904K [0x00000000d5580000, 0x00000000de680000, 0x0000000100000000)
  eden space 123904K, 100% used [0x00000000d5580000,0x00000000dce80000,0x00000000dce80000)
  from space 10752K, 0% used [0x00000000ddc00000,0x00000000ddc00000,0x00000000de680000)
  to   space 12288K, 0% used [0x00000000dce80000,0x00000000dce80000,0x00000000dda80000)
 ParOldGen       total 61952K, used 12070K [0x0000000080000000, 0x0000000083c80000, 0x00000000d5580000)
  object space 61952K, 19% used [0x0000000080000000,0x0000000080bc9988,0x0000000083c80000)
 Metaspace       used 37687K, capacity 40414K, committed 40616K, reserved 1085440K
  class space    used 4728K, capacity 5197K, committed 5296K, reserved 1048576K
Event: 104.958 GC heap after
Heap after GC invocations=9 (full 2):
 PSYoungGen      total 136192K, used 4714K [0x00000000d5580000, 0x00000000e4780000, 0x0000000100000000)
  eden space 123904K, 0% used [0x00000000d5580000,0x00000000d5580000,0x00000000dce80000)
  from space 12288K, 38% used [0x00000000dce80000,0x00000000dd31a908,0x00000000dda80000)
  to   space 12288K, 0% used [0x00000000e3b80000,0x00000000e3b80000,0x00000000e4780000)
 ParOldGen       total 61952K, used 12078K [0x0000000080000000, 0x0000000083c80000, 0x00000000d5580000)
  object space 61952K, 19% used [0x0000000080000000,0x0000000080bcb988,0x0000000083c80000)
 Metaspace       used 37687K, capacity 40414K, committed 40616K, reserved 1085440K
  class space    used 4728K, capacity 5197K, committed 5296K, reserved 1048576K
}
Event: 472.149 GC heap before
{Heap before GC invocations=10 (full 2):
 PSYoungGen      total 136192K, used 128618K [0x00000000d5580000, 0x00000000e4780000, 0x0000000100000000)
  eden space 123904K, 100% used [0x00000000d5580000,0x00000000dce80000,0x00000000dce80000)
  from space 12288K, 38% used [0x00000000dce80000,0x00000000dd31a908,0x00000000dda80000)
  to   space 12288K, 0% used [0x00000000e3b80000,0x00000000e3b80000,0x00000000e4780000)
 ParOldGen       total 61952K, used 12078K [0x0000000080000000, 0x0000000083c80000, 0x00000000d5580000)
  object space 61952K, 19% used [0x0000000080000000,0x0000000080bcb988,0x0000000083c80000)
 Metaspace       used 38133K, capacity 40892K, committed 41128K, reserved 1085440K
  class space    used 4758K, capacity 5240K, committed 5296K, reserved 1048576K
Event: 472.991 GC heap after
Heap after GC invocations=10 (full 2):
 PSYoungGen      total 224256K, used 1163K [0x00000000d5580000, 0x00000000e4280000, 0x0000000100000000)
  eden space 217088K, 0% used [0x00000000d5580000,0x00000000d5580000,0x00000000e2980000)
  from space 7168K, 16% used [0x00000000e3b80000,0x00000000e3ca2ed8,0x00000000e4280000)
  to   space 12800K, 0% used [0x00000000e2980000,0x00000000e2980000,0x00000000e3600000)
 ParOldGen       total 61952K, used 12078K [0x0000000080000000, 0x0000000083c80000, 0x00000000d5580000)
  object space 61952K, 19% used [0x0000000080000000,0x0000000080bcb988,0x0000000083c80000)
 Metaspace       used 38133K, capacity 40892K, committed 41128K, reserved 1085440K
  class space    used 4758K, capacity 5240K, committed 5296K, reserved 1048576K
}
Event: 741.248 GC heap before
{Heap before GC invocations=11 (full 2):
 PSYoungGen      total 224256K, used 218251K [0x00000000d5580000, 0x00000000e4280000, 0x0000000100000000)
  eden space 217088K, 100% used [0x00000000d5580000,0x00000000e2980000,0x00000000e2980000)
  from space 7168K, 16% used [0x00000000e3b80000,0x00000000e3ca2ed8,0x00000000e4280000)
  to   space 12800K, 0% used [0x00000000e2980000,0x00000000e2980000,0x00000000e3600000)
 ParOldGen       total 61952K, used 12078K [0x0000000080000000, 0x0000000083c80000, 0x00000000d5580000)
  object space 61952K, 19% used [0x0000000080000000,0x0000000080bcb988,0x0000000083c80000)
 Metaspace       used 38232K, capacity 41032K, committed 41128K, reserved 1085440K
  class space    used 4764K, capacity 5242K, committed 5296K, reserved 1048576K
Event: 741.317 GC heap after
Heap after GC invocations=11 (full 2):
 PSYoungGen      total 229888K, used 1008K [0x00000000d5580000, 0x00000000e9c80000, 0x0000000100000000)
  eden space 217088K, 0% used [0x00000000d5580000,0x00000000d5580000,0x00000000e2980000)
  from space 12800K, 7% used [0x00000000e2980000,0x00000000e2a7c010,0x00000000e3600000)
  to   space 13312K, 0% used [0x00000000e8f80000,0x00000000e8f80000,0x00000000e9c80000)
 ParOldGen       total 61952K, used 12078K [0x0000000080000000, 0x0000000083c80000, 0x00000000d5580000)
  object space 61952K, 19% used [0x0000000080000000,0x0000000080bcb988,0x0000000083c80000)
 Metaspace       used 38232K, capacity 41032K, committed 41128K, reserved 1085440K
  class space    used 4764K, capacity 5242K, committed 5296K, reserved 1048576K
}
Event: 1276.960 GC heap before
{Heap before GC invocations=12 (full 2):
 PSYoungGen      total 229888K, used 218096K [0x00000000d5580000, 0x00000000e9c80000, 0x0000000100000000)
  eden space 217088K, 100% used [0x00000000d5580000,0x00000000e2980000,0x00000000e2980000)
  from space 12800K, 7% used [0x00000000e2980000,0x00000000e2a7c010,0x00000000e3600000)
  to   space 13312K, 0% used [0x00000000e8f80000,0x00000000e8f80000,0x00000000e9c80000)
 ParOldGen       total 61952K, used 12078K [0x0000000080000000, 0x0000000083c80000, 0x00000000d5580000)
  object space 61952K, 19% used [0x0000000080000000,0x0000000080bcb988,0x0000000083c80000)
 Metaspace       used 38354K, capacity 41096K, committed 41384K, reserved 1085440K
  class space    used 4764K, capacity 5242K, committed 5296K, reserved 1048576K
Event: 1277.164 GC heap after
Heap after GC invocations=12 (full 2):
 PSYoungGen      total 304128K, used 32K [0x00000000d5580000, 0x00000000e9400000, 0x0000000100000000)
  eden space 299520K, 0% used [0x00000000d5580000,0x00000000d5580000,0x00000000e7a00000)
  from space 4608K, 0% used [0x00000000e8f80000,0x00000000e8f88000,0x00000000e9400000)
  to   space 13312K, 0% used [0x00000000e7a00000,0x00000000e7a00000,0x00000000e8700000)
 ParOldGen       total 61952K, used 13022K [0x0000000080000000, 0x0000000083c80000, 0x00000000d5580000)
  object space 61952K, 21% used [0x0000000080000000,0x0000000080cb79a8,0x0000000083c80000)
 Metaspace       used 38354K, capacity 41096K, committed 41384K, reserved 1085440K
  class space    used 4764K, capacity 5242K, committed 5296K, reserved 1048576K
}

