# JRE version: Java(TM) SE Runtime Environment (8.0_201-b09) (build 1.8.0_201-b09)
# Java VM: Java HotSpot(TM) 64-Bit Server VM (25.201-b09 mixed mode windows-amd64 compressed oops)
Heap:
 PSYoungGen      total 68608K, used 8723K [0x00000000d5580000, 0x00000000ddc00000, 0x0000000100000000)
  eden space 63488K, 5% used [0x00000000d5580000,0x00000000d5907b00,0x00000000d9380000)
  from space 5120K, 99% used [0x00000000d9b80000,0x00000000da07d340,0x00000000da080000)
  to   space 8192K, 0% used [0x00000000d9380000,0x00000000d9380000,0x00000000d9b80000)
 ParOldGen       total 49152K, used 8051K [0x0000000080000000, 0x0000000083000000, 0x00000000d5580000)
  object space 49152K, 16% used [0x0000000080000000,0x00000000807dcc08,0x0000000083000000)
 Metaspace       used 25043K, capacity 26746K, committed 26880K, reserved 1073152K
  class space    used 3267K, capacity 3559K, committed 3584K, reserved 1048576K
GC Heap History (10 events):
Event: 11.570 GC heap before
{Heap before GC invocations=3 (full 0):
 PSYoungGen      total 38400K, used 37624K [0x00000000d5580000, 0x00000000da080000, 0x0000000100000000)
  eden space 33280K, 100% used [0x00000000d5580000,0x00000000d7600000,0x00000000d7600000)
  from space 5120K, 84% used [0x00000000d7b00000,0x00000000d7f3e2f0,0x00000000d8000000)
  to   space 5120K, 0% used [0x00000000d7600000,0x00000000d7600000,0x00000000d7b00000)
 ParOldGen       total 87552K, used 24K [0x0000000080000000, 0x0000000085580000, 0x00000000d5580000)
  object space 87552K, 0% used [0x0000000080000000,0x0000000080006000,0x0000000085580000)
 Metaspace       used 15051K, capacity 15716K, committed 15872K, reserved 1062912K
  class space    used 1842K, capacity 2008K, committed 2048K, reserved 1048576K
Event: 11.577 GC heap after
Heap after GC invocations=3 (full 0):
 PSYoungGen      total 38400K, used 5071K [0x00000000d5580000, 0x00000000da080000, 0x0000000100000000)
  eden space 33280K, 0% used [0x00000000d5580000,0x00000000d5580000,0x00000000d7600000)
  from space 5120K, 99% used [0x00000000d7600000,0x00000000d7af3d60,0x00000000d7b00000)
  to   space 5120K, 0% used [0x00000000d9b80000,0x00000000d9b80000,0x00000000da080000)
 ParOldGen       total 87552K, used 32K [0x0000000080000000, 0x0000000085580000, 0x00000000d5580000)
  object space 87552K, 0% used [0x0000000080000000,0x0000000080008000,0x0000000085580000)
 Metaspace       used 15051K, capacity 15716K, committed 15872K, reserved 1062912K
  class space    used 1842K, capacity 2008K, committed 2048K, reserved 1048576K
}
Event: 12.558 GC heap before
{Heap before GC invocations=4 (full 0):
 PSYoungGen      total 38400K, used 38351K [0x00000000d5580000, 0x00000000da080000, 0x0000000100000000)
  eden space 33280K, 100% used [0x00000000d5580000,0x00000000d7600000,0x00000000d7600000)
  from space 5120K, 99% used [0x00000000d7600000,0x00000000d7af3d60,0x00000000d7b00000)
  to   space 5120K, 0% used [0x00000000d9b80000,0x00000000d9b80000,0x00000000da080000)
 ParOldGen       total 87552K, used 32K [0x0000000080000000, 0x0000000085580000, 0x00000000d5580000)
  object space 87552K, 0% used [0x0000000080000000,0x0000000080008000,0x0000000085580000)
 Metaspace       used 17096K, capacity 17878K, committed 18176K, reserved 1064960K
  class space    used 2092K, capacity 2255K, committed 2304K, reserved 1048576K
Event: 12.652 GC heap after
Heap after GC invocations=4 (full 0):
 PSYoungGen      total 71680K, used 5117K [0x00000000d5580000, 0x00000000da080000, 0x0000000100000000)
  eden space 66560K, 0% used [0x00000000d5580000,0x00000000d5580000,0x00000000d9680000)
  from space 5120K, 99% used [0x00000000d9b80000,0x00000000da07f6f0,0x00000000da080000)
  to   space 5120K, 0% used [0x00000000d9680000,0x00000000d9680000,0x00000000d9b80000)
 ParOldGen       total 87552K, used 1036K [0x0000000080000000, 0x0000000085580000, 0x00000000d5580000)
  object space 87552K, 1% used [0x0000000080000000,0x0000000080103210,0x0000000085580000)
 Metaspace       used 17096K, capacity 17878K, committed 18176K, reserved 1064960K
  class space    used 2092K, capacity 2255K, committed 2304K, reserved 1048576K
}
Event: 14.149 GC heap before
{Heap before GC invocations=5 (full 0):
 PSYoungGen      total 71680K, used 53203K [0x00000000d5580000, 0x00000000da080000, 0x0000000100000000)
  eden space 66560K, 72% used [0x00000000d5580000,0x00000000d84755a8,0x00000000d9680000)
  from space 5120K, 99% used [0x00000000d9b80000,0x00000000da07f6f0,0x00000000da080000)
  to   space 5120K, 0% used [0x00000000d9680000,0x00000000d9680000,0x00000000d9b80000)
 ParOldGen       total 87552K, used 1036K [0x0000000080000000, 0x0000000085580000, 0x00000000d5580000)
  object space 87552K, 1% used [0x0000000080000000,0x0000000080103210,0x0000000085580000)
 Metaspace       used 20012K, capacity 21188K, committed 21296K, reserved 1069056K
  class space    used 2464K, capacity 2678K, committed 2688K, reserved 1048576K
Event: 14.164 GC heap after
Heap after GC invocations=5 (full 0):
 PSYoungGen      total 71680K, used 5088K [0x00000000d5580000, 0x00000000da080000, 0x0000000100000000)
  eden space 66560K, 0% used [0x00000000d5580000,0x00000000d5580000,0x00000000d9680000)
  from space 5120K, 99% used [0x00000000d9680000,0x00000000d9b78020,0x00000000d9b80000)
  to   space 5120K, 0% used [0x00000000d9b80000,0x00000000d9b80000,0x00000000da080000)
 ParOldGen       total 87552K, used 3617K [0x0000000080000000, 0x0000000085580000, 0x00000000d5580000)
  object space 87552K, 4% used [0x0000000080000000,0x0000000080388550,0x0000000085580000)
 Metaspace       used 20012K, capacity 21188K, committed 21296K, reserved 1069056K
  class space    used 2464K, capacity 2678K, committed 2688K, reserved 1048576K
}
Event: 14.164 GC heap before
{Heap before GC invocations=6 (full 1):
 PSYoungGen      total 71680K, used 5088K [0x00000000d5580000, 0x00000000da080000, 0x0000000100000000)
  eden space 66560K, 0% used [0x00000000d5580000,0x00000000d5580000,0x00000000d9680000)
  from space 5120K, 99% used [0x00000000d9680000,0x00000000d9b78020,0x00000000d9b80000)
  to   space 5120K, 0% used [0x00000000d9b80000,0x00000000d9b80000,0x00000000da080000)
 ParOldGen       total 87552K, used 3617K [0x0000000080000000, 0x0000000085580000, 0x00000000d5580000)
  object space 87552K, 4% used [0x0000000080000000,0x0000000080388550,0x0000000085580000)
 Metaspace       used 20012K, capacity 21188K, committed 21296K, reserved 1069056K
  class space    used 2464K, capacity 2678K, committed 2688K, reserved 1048576K
Event: 14.237 GC heap after
Heap after GC invocations=6 (full 1):
 PSYoungGen      total 71680K, used 0K [0x00000000d5580000, 0x00000000da080000, 0x0000000100000000)
  eden space 66560K, 0% used [0x00000000d5580000,0x00000000d5580000,0x00000000d9680000)
  from space 5120K, 0% used [0x00000000d9680000,0x00000000d9680000,0x00000000d9b80000)
  to   space 5120K, 0% used [0x00000000d9b80000,0x00000000d9b80000,0x00000000da080000)
 ParOldGen       total 49152K, used 7510K [0x0000000080000000, 0x0000000083000000, 0x00000000d5580000)
  object space 49152K, 15% used [0x0000000080000000,0x0000000080755bc0,0x0000000083000000)
 Metaspace       used 20012K, capacity 21188K, committed 21296K, reserved 1069056K
  class space    used 2464K, capacity 2678K, committed 2688K, reserved 1048576K
}
Event: 26.513 GC heap before
{Heap before GC invocations=7 (full 1):
 PSYoungGen      total 71680K, used 66560K [0x00000000d5580000, 0x00000000da080000, 0x0000000100000000)
  eden space 66560K, 100% used [0x00000000d5580000,0x00000000d9680000,0x00000000d9680000)
  from space 5120K, 0% used [0x00000000d9680000,0x00000000d9680000,0x00000000d9b80000)
  to   space 5120K, 0% used [0x00000000d9b80000,0x00000000d9b80000,0x00000000da080000)
 ParOldGen       total 49152K, used 7510K [0x0000000080000000, 0x0000000083000000, 0x00000000d5580000)
  object space 49152K, 15% used [0x0000000080000000,0x0000000080755bc0,0x0000000083000000)
 Metaspace       used 24761K, capacity 26466K, committed 26624K, reserved 1073152K
  class space    used 3236K, capacity 3553K, committed 3584K, reserved 1048576K
Event: 26.616 GC heap after
Heap after GC invocations=7 (full 1):
 PSYoungGen      total 68608K, used 5108K [0x00000000d5580000, 0x00000000ddc00000, 0x0000000100000000)
  eden space 63488K, 0% used [0x00000000d5580000,0x00000000d5580000,0x00000000d9380000)
  from space 5120K, 99% used [0x00000000d9b80000,0x00000000da07d340,0x00000000da080000)
  to   space 8192K, 0% used [0x00000000d9380000,0x00000000d9380000,0x00000000d9b80000)
 ParOldGen       total 49152K, used 8051K [0x0000000080000000, 0x0000000083000000, 0x00000000d5580000)
  object space 49152K, 16% used [0x0000000080000000,0x00000000807dcc08,0x0000000083000000)
 Metaspace       used 24761K, capacity 26466K, committed 26624K, reserved 1073152K
  class space    used 3236K, capacity 3553K, committed 3584K, reserved 1048576K
}

